Copyright 1986-2016 Xilinx, Inc. All Rights Reserved.
------------------------------------------------------------------------------------
| Tool Version : Vivado v.2016.2 (win64) Build 1577090 Thu Jun  2 16:32:40 MDT 2016
| Date         : Tue Nov 01 08:42:29 2016
| Host         : XSHZHEHENGT30 running 64-bit Service Pack 1  (build 7601)
| Command      : upgrade_ip
| Device       : xc7a35tcpg236-1
------------------------------------------------------------------------------------

Upgrade Log for IP 'design_1_xlconstant_1_0'

1. Summary
----------

SUCCESS in the upgrade of design_1_xlconstant_1_0 (xilinx.com:ip:xlconstant:1.1) from (Rev. 1) to (Rev. 2)






Copyright 1986-2016 Xilinx, Inc. All Rights Reserved.
------------------------------------------------------------------------------------
| Tool Version : Vivado v.2016.2 (win64) Build 1577090 Thu Jun  2 16:32:40 MDT 2016
| Date         : Tue Nov 01 08:42:29 2016
| Host         : XSHZHEHENGT30 running 64-bit Service Pack 1  (build 7601)
| Command      : upgrade_ip
| Device       : xc7a35tcpg236-1
------------------------------------------------------------------------------------

Upgrade Log for IP 'design_1_rst_clk_wiz_1_100M_0'

1. Summary
----------

SUCCESS in the upgrade of design_1_rst_clk_wiz_1_100M_0 (xilinx.com:ip:proc_sys_reset:5.0) from (Rev. 6) to (Rev. 9)






Copyright 1986-2016 Xilinx, Inc. All Rights Reserved.
------------------------------------------------------------------------------------
| Tool Version : Vivado v.2016.2 (win64) Build 1577090 Thu Jun  2 16:32:40 MDT 2016
| Date         : Tue Nov 01 08:42:29 2016
| Host         : XSHZHEHENGT30 running 64-bit Service Pack 1  (build 7601)
| Command      : upgrade_ip
| Device       : xc7a35tcpg236-1
------------------------------------------------------------------------------------

Upgrade Log for IP 'design_1_microblaze_0_0'

1. Summary
----------

SUCCESS in the upgrade of design_1_microblaze_0_0 from xilinx.com:ip:microblaze:9.4 (Rev. 1) to xilinx.com:ip:microblaze:9.6 (Rev. 1)






Copyright 1986-2016 Xilinx, Inc. All Rights Reserved.
------------------------------------------------------------------------------------
| Tool Version : Vivado v.2016.2 (win64) Build 1577090 Thu Jun  2 16:32:40 MDT 2016
| Date         : Tue Nov 01 08:42:29 2016
| Host         : XSHZHEHENGT30 running 64-bit Service Pack 1  (build 7601)
| Command      : upgrade_ip
| Device       : xc7a35tcpg236-1
------------------------------------------------------------------------------------

Upgrade Log for IP 'design_1_mdm_1_0'

1. Summary
----------

SUCCESS in the upgrade of design_1_mdm_1_0 (xilinx.com:ip:mdm:3.2) from (Rev. 1) to (Rev. 6)

2. Upgrade messages
-------------------

Set parameter C_M_AXIS_ID_WIDTH to value 7 (source 'default')






Copyright 1986-2016 Xilinx, Inc. All Rights Reserved.
------------------------------------------------------------------------------------
| Tool Version : Vivado v.2016.2 (win64) Build 1577090 Thu Jun  2 16:32:40 MDT 2016
| Date         : Tue Nov 01 08:42:29 2016
| Host         : XSHZHEHENGT30 running 64-bit Service Pack 1  (build 7601)
| Command      : upgrade_ip
| Device       : xc7a35tcpg236-1
------------------------------------------------------------------------------------

Upgrade Log for IP 'design_1_lmb_bram_0'

1. Summary
----------

SUCCESS in the upgrade of design_1_lmb_bram_0 from xilinx.com:ip:blk_mem_gen:8.2 (Rev. 3) to xilinx.com:ip:blk_mem_gen:8.3 (Rev. 3)






Copyright 1986-2016 Xilinx, Inc. All Rights Reserved.
------------------------------------------------------------------------------------
| Tool Version : Vivado v.2016.2 (win64) Build 1577090 Thu Jun  2 16:32:40 MDT 2016
| Date         : Tue Nov 01 08:42:29 2016
| Host         : XSHZHEHENGT30 running 64-bit Service Pack 1  (build 7601)
| Command      : upgrade_ip
| Device       : xc7a35tcpg236-1
------------------------------------------------------------------------------------

Upgrade Log for IP 'design_1_ilmb_v10_0'

1. Summary
----------

SUCCESS in the upgrade of design_1_ilmb_v10_0 (xilinx.com:ip:lmb_v10:3.0) from (Rev. 5) to (Rev. 8)






Copyright 1986-2016 Xilinx, Inc. All Rights Reserved.
------------------------------------------------------------------------------------
| Tool Version : Vivado v.2016.2 (win64) Build 1577090 Thu Jun  2 16:32:40 MDT 2016
| Date         : Tue Nov 01 08:42:29 2016
| Host         : XSHZHEHENGT30 running 64-bit Service Pack 1  (build 7601)
| Command      : upgrade_ip
| Device       : xc7a35tcpg236-1
------------------------------------------------------------------------------------

Upgrade Log for IP 'design_1_ilmb_bram_if_cntlr_0'

1. Summary
----------

SUCCESS in the upgrade of design_1_ilmb_bram_if_cntlr_0 (xilinx.com:ip:lmb_bram_if_cntlr:4.0) from (Rev. 5) to (Rev. 9)

2. Upgrade messages
-------------------

Set parameter C_MASK1 to value 0x0000000000800000 (source 'default')
Set parameter C_MASK2 to value 0x0000000000800000 (source 'default')
Set parameter C_MASK3 to value 0x0000000000800000 (source 'default')






Copyright 1986-2016 Xilinx, Inc. All Rights Reserved.
------------------------------------------------------------------------------------
| Tool Version : Vivado v.2016.2 (win64) Build 1577090 Thu Jun  2 16:32:40 MDT 2016
| Date         : Tue Nov 01 08:42:29 2016
| Host         : XSHZHEHENGT30 running 64-bit Service Pack 1  (build 7601)
| Command      : upgrade_ip
| Device       : xc7a35tcpg236-1
------------------------------------------------------------------------------------

Upgrade Log for IP 'design_1_dlmb_v10_0'

1. Summary
----------

SUCCESS in the upgrade of design_1_dlmb_v10_0 (xilinx.com:ip:lmb_v10:3.0) from (Rev. 5) to (Rev. 8)






Copyright 1986-2016 Xilinx, Inc. All Rights Reserved.
------------------------------------------------------------------------------------
| Tool Version : Vivado v.2016.2 (win64) Build 1577090 Thu Jun  2 16:32:40 MDT 2016
| Date         : Tue Nov 01 08:42:29 2016
| Host         : XSHZHEHENGT30 running 64-bit Service Pack 1  (build 7601)
| Command      : upgrade_ip
| Device       : xc7a35tcpg236-1
------------------------------------------------------------------------------------

Upgrade Log for IP 'design_1_dlmb_bram_if_cntlr_0'

1. Summary
----------

SUCCESS in the upgrade of design_1_dlmb_bram_if_cntlr_0 (xilinx.com:ip:lmb_bram_if_cntlr:4.0) from (Rev. 5) to (Rev. 9)

2. Upgrade messages
-------------------

Set parameter C_MASK1 to value 0x0000000000800000 (source 'default')
Set parameter C_MASK2 to value 0x0000000000800000 (source 'default')
Set parameter C_MASK3 to value 0x0000000000800000 (source 'default')






Copyright 1986-2016 Xilinx, Inc. All Rights Reserved.
------------------------------------------------------------------------------------
| Tool Version : Vivado v.2016.2 (win64) Build 1577090 Thu Jun  2 16:32:40 MDT 2016
| Date         : Tue Nov 01 08:42:29 2016
| Host         : XSHZHEHENGT30 running 64-bit Service Pack 1  (build 7601)
| Command      : upgrade_ip
| Device       : xc7a35tcpg236-1
------------------------------------------------------------------------------------

Upgrade Log for IP 'design_1_clk_wiz_0_0'

1. Summary
----------

SUCCESS in the upgrade of design_1_clk_wiz_0_0 from xilinx.com:ip:clk_wiz:5.1 (Rev. 5) to xilinx.com:ip:clk_wiz:5.3 (Rev. 1)






Copyright 1986-2016 Xilinx, Inc. All Rights Reserved.
------------------------------------------------------------------------------------
| Tool Version : Vivado v.2016.2 (win64) Build 1577090 Thu Jun  2 16:32:40 MDT 2016
| Date         : Tue Nov 01 08:42:29 2016
| Host         : XSHZHEHENGT30 running 64-bit Service Pack 1  (build 7601)
| Command      : upgrade_ip
| Device       : xc7a35tcpg236-1
------------------------------------------------------------------------------------

Upgrade Log for IP 'design_1_axi_quad_spi_0_0'

1. Summary
----------

SUCCESS in the upgrade of design_1_axi_quad_spi_0_0 (xilinx.com:ip:axi_quad_spi:3.2) from (Rev. 2) to (Rev. 8)






Copyright 1986-2016 Xilinx, Inc. All Rights Reserved.
------------------------------------------------------------------------------------
| Tool Version : Vivado v.2016.2 (win64) Build 1577090 Thu Jun  2 16:32:40 MDT 2016
| Date         : Tue Nov 01 08:42:29 2016
| Host         : XSHZHEHENGT30 running 64-bit Service Pack 1  (build 7601)
| Command      : upgrade_ip
| Device       : xc7a35tcpg236-1
------------------------------------------------------------------------------------

Upgrade Log for IP 'design_1_axi_interconnect_0_0'

1. Summary
----------

SUCCESS in the upgrade of design_1_axi_interconnect_0_0 (xilinx.com:ip:axi_interconnect:2.1) from (Rev. 5) to (Rev. 10)






Copyright 1986-2016 Xilinx, Inc. All Rights Reserved.
------------------------------------------------------------------------------------
| Tool Version : Vivado v.2016.2 (win64) Build 1577090 Thu Jun  2 16:32:40 MDT 2016
| Date         : Tue Nov 01 08:42:29 2016
| Host         : XSHZHEHENGT30 running 64-bit Service Pack 1  (build 7601)
| Command      : upgrade_ip
| Device       : xc7a35tcpg236-1
------------------------------------------------------------------------------------

Upgrade Log for IP 'design_1_axi_intc_0_0'

1. Summary
----------

SUCCESS in the upgrade of design_1_axi_intc_0_0 (xilinx.com:ip:axi_intc:4.1) from (Rev. 2) to (Rev. 7)

2. Upgrade messages
-------------------

Added parameter C_IRQ_CONNECTION with value 0 (source 'default')






Copyright 1986-2016 Xilinx, Inc. All Rights Reserved.
------------------------------------------------------------------------------------
| Tool Version : Vivado v.2016.2 (win64) Build 1577090 Thu Jun  2 16:32:40 MDT 2016
| Date         : Tue Nov 01 08:42:29 2016
| Host         : XSHZHEHENGT30 running 64-bit Service Pack 1  (build 7601)
| Command      : upgrade_ip
| Device       : xc7a35tcpg236-1
------------------------------------------------------------------------------------

Upgrade Log for IP 'design_1_axi_gpio_1_0'

1. Summary
----------

SUCCESS in the upgrade of design_1_axi_gpio_1_0 (xilinx.com:ip:axi_gpio:2.0) from (Rev. 6) to (Rev. 11)






Copyright 1986-2016 Xilinx, Inc. All Rights Reserved.
------------------------------------------------------------------------------------
| Tool Version : Vivado v.2016.2 (win64) Build 1577090 Thu Jun  2 16:32:40 MDT 2016
| Date         : Tue Nov 01 08:42:29 2016
| Host         : XSHZHEHENGT30 running 64-bit Service Pack 1  (build 7601)
| Command      : upgrade_ip
| Device       : xc7a35tcpg236-1
------------------------------------------------------------------------------------

Upgrade Log for IP 'design_1_axi_gpio_0_2'

1. Summary
----------

SUCCESS in the upgrade of design_1_axi_gpio_0_2 (xilinx.com:ip:axi_gpio:2.0) from (Rev. 6) to (Rev. 11)






Copyright 1986-2016 Xilinx, Inc. All Rights Reserved.
------------------------------------------------------------------------------------
| Tool Version : Vivado v.2016.2 (win64) Build 1577090 Thu Jun  2 16:32:40 MDT 2016
| Date         : Tue Nov 01 08:42:29 2016
| Host         : XSHZHEHENGT30 running 64-bit Service Pack 1  (build 7601)
| Command      : upgrade_ip
| Device       : xc7a35tcpg236-1
------------------------------------------------------------------------------------

Upgrade Log for IP 'design_1_axi_gpio_0_1'

1. Summary
----------

SUCCESS in the upgrade of design_1_axi_gpio_0_1 (xilinx.com:ip:axi_gpio:2.0) from (Rev. 6) to (Rev. 11)






Copyright 1986-2016 Xilinx, Inc. All Rights Reserved.
------------------------------------------------------------------------------------
| Tool Version : Vivado v.2016.2 (win64) Build 1577090 Thu Jun  2 16:32:40 MDT 2016
| Date         : Tue Nov 01 08:42:29 2016
| Host         : XSHZHEHENGT30 running 64-bit Service Pack 1  (build 7601)
| Command      : upgrade_ip
| Device       : xc7a35tcpg236-1
------------------------------------------------------------------------------------

Upgrade Log for IP 'design_1_axi_gpio_0_0'

1. Summary
----------

SUCCESS in the upgrade of design_1_axi_gpio_0_0 (xilinx.com:ip:axi_gpio:2.0) from (Rev. 6) to (Rev. 11)

