
*** Running vivado
    with args -log debounce_0.vds -m64 -mode batch -messageDb vivado.pb -notrace -source debounce_0.tcl


****** Vivado v2016.2 (64-bit)
  **** SW Build 1577090 on Thu Jun  2 16:32:40 MDT 2016
  **** IP Build 1577682 on Fri Jun  3 12:00:54 MDT 2016
    ** Copyright 1986-2016 Xilinx, Inc. All Rights Reserved.

source debounce_0.tcl -notrace
create_project: Time (s): cpu = 00:00:03 ; elapsed = 00:00:05 . Memory (MB): peak = 234.828 ; gain = 27.738
Command: synth_design -top debounce_0 -part xc7a35tcpg236-1 -mode out_of_context
Starting synth_design
Attempting to get a license for feature 'Synthesis' and/or device 'xc7a35t'
INFO: [Common 17-349] Got license for feature 'Synthesis' and/or device 'xc7a35t'
INFO: Launching helper process for spawning children vivado processes
INFO: Helper process launched with PID 6076 
---------------------------------------------------------------------------------
Starting Synthesize : Time (s): cpu = 00:00:45 ; elapsed = 00:01:03 . Memory (MB): peak = 328.016 ; gain = 120.926
---------------------------------------------------------------------------------
INFO: [Synth 8-638] synthesizing module 'debounce_0' [e:/Github/xupsh/Basys3-Git/Projects_2016.2/2_Control_and_Measurement/Oscilloscope/Src/prj/Oscilloscope.srcs/sources_1/ip/debounce_0/synth/debounce_0.v:57]
INFO: [Synth 8-638] synthesizing module 'debounce' [e:/Github/xupsh/Basys3-Git/Projects_2016.2/2_Control_and_Measurement/Oscilloscope/Src/prj/Oscilloscope.srcs/sources_1/ip/debounce_0/sources_1/new/debounce.v:23]
INFO: [Synth 8-256] done synthesizing module 'debounce' (1#1) [e:/Github/xupsh/Basys3-Git/Projects_2016.2/2_Control_and_Measurement/Oscilloscope/Src/prj/Oscilloscope.srcs/sources_1/ip/debounce_0/sources_1/new/debounce.v:23]
INFO: [Synth 8-256] done synthesizing module 'debounce_0' (2#1) [e:/Github/xupsh/Basys3-Git/Projects_2016.2/2_Control_and_Measurement/Oscilloscope/Src/prj/Oscilloscope.srcs/sources_1/ip/debounce_0/synth/debounce_0.v:57]
---------------------------------------------------------------------------------
Finished Synthesize : Time (s): cpu = 00:00:50 ; elapsed = 00:01:09 . Memory (MB): peak = 364.691 ; gain = 157.602
---------------------------------------------------------------------------------
---------------------------------------------------------------------------------
Finished Constraint Validation : Time (s): cpu = 00:00:51 ; elapsed = 00:01:10 . Memory (MB): peak = 364.691 ; gain = 157.602
---------------------------------------------------------------------------------
---------------------------------------------------------------------------------
Start Loading Part and Timing Information
---------------------------------------------------------------------------------
Loading part: xc7a35tcpg236-1
---------------------------------------------------------------------------------
Finished Loading Part and Timing Information : Time (s): cpu = 00:00:51 ; elapsed = 00:01:10 . Memory (MB): peak = 364.691 ; gain = 157.602
---------------------------------------------------------------------------------
INFO: [Device 21-403] Loading part xc7a35tcpg236-1
---------------------------------------------------------------------------------
Finished RTL Optimization Phase 2 : Time (s): cpu = 00:00:51 ; elapsed = 00:01:10 . Memory (MB): peak = 373.074 ; gain = 165.984
---------------------------------------------------------------------------------

Report RTL Partitions: 
+-+--------------+------------+----------+
| |RTL Partition |Replication |Instances |
+-+--------------+------------+----------+
+-+--------------+------------+----------+
No constraint files found.
---------------------------------------------------------------------------------
Start RTL Component Statistics 
---------------------------------------------------------------------------------
Detailed RTL Component Info : 
+---Adders : 
	   2 Input      6 Bit       Adders := 1     
+---Registers : 
	                6 Bit    Registers := 1     
	                4 Bit    Registers := 3     
	                1 Bit    Registers := 1     
---------------------------------------------------------------------------------
Finished RTL Component Statistics 
---------------------------------------------------------------------------------
---------------------------------------------------------------------------------
Start RTL Hierarchical Component Statistics 
---------------------------------------------------------------------------------
Hierarchical RTL Component report 
Module debounce 
Detailed RTL Component Info : 
+---Adders : 
	   2 Input      6 Bit       Adders := 1     
+---Registers : 
	                6 Bit    Registers := 1     
	                4 Bit    Registers := 3     
	                1 Bit    Registers := 1     
---------------------------------------------------------------------------------
Finished RTL Hierarchical Component Statistics
---------------------------------------------------------------------------------
---------------------------------------------------------------------------------
Start Part Resource Summary
---------------------------------------------------------------------------------
Part Resources:
DSPs: 90 (col length:60)
BRAMs: 100 (col length: RAMB18 60 RAMB36 30)
---------------------------------------------------------------------------------
Finished Part Resource Summary
---------------------------------------------------------------------------------
Start Parallel Synthesis Optimization  : Time (s): cpu = 00:01:10 ; elapsed = 00:01:30 . Memory (MB): peak = 480.840 ; gain = 273.750
---------------------------------------------------------------------------------
Start Cross Boundary Optimization
---------------------------------------------------------------------------------
---------------------------------------------------------------------------------
Finished Cross Boundary Optimization : Time (s): cpu = 00:01:10 ; elapsed = 00:01:30 . Memory (MB): peak = 483.582 ; gain = 276.492
---------------------------------------------------------------------------------
Finished Parallel Reinference  : Time (s): cpu = 00:01:10 ; elapsed = 00:01:30 . Memory (MB): peak = 483.582 ; gain = 276.492

Report RTL Partitions: 
+-+--------------+------------+----------+
| |RTL Partition |Replication |Instances |
+-+--------------+------------+----------+
+-+--------------+------------+----------+
No constraint files found.
---------------------------------------------------------------------------------
Start Area Optimization
---------------------------------------------------------------------------------
INFO: [Synth 8-3332] Sequential element (inst/delay1_reg[3]) is unused and will be removed from module debounce_0.
INFO: [Synth 8-3332] Sequential element (inst/delay1_reg[2]) is unused and will be removed from module debounce_0.
INFO: [Synth 8-3332] Sequential element (inst/delay1_reg[1]) is unused and will be removed from module debounce_0.
INFO: [Synth 8-3332] Sequential element (inst/delay2_reg[3]) is unused and will be removed from module debounce_0.
INFO: [Synth 8-3332] Sequential element (inst/delay2_reg[2]) is unused and will be removed from module debounce_0.
INFO: [Synth 8-3332] Sequential element (inst/delay2_reg[1]) is unused and will be removed from module debounce_0.
INFO: [Synth 8-3332] Sequential element (inst/delay3_reg[3]) is unused and will be removed from module debounce_0.
INFO: [Synth 8-3332] Sequential element (inst/delay3_reg[2]) is unused and will be removed from module debounce_0.
INFO: [Synth 8-3332] Sequential element (inst/delay3_reg[1]) is unused and will be removed from module debounce_0.
---------------------------------------------------------------------------------
Finished Area Optimization : Time (s): cpu = 00:01:10 ; elapsed = 00:01:31 . Memory (MB): peak = 493.797 ; gain = 286.707
---------------------------------------------------------------------------------
Finished Parallel Area Optimization  : Time (s): cpu = 00:01:10 ; elapsed = 00:01:31 . Memory (MB): peak = 493.797 ; gain = 286.707

Report RTL Partitions: 
+-+--------------+------------+----------+
| |RTL Partition |Replication |Instances |
+-+--------------+------------+----------+
+-+--------------+------------+----------+
---------------------------------------------------------------------------------
Start Timing Optimization
---------------------------------------------------------------------------------
No constraint files found.
---------------------------------------------------------------------------------
Finished Timing Optimization : Time (s): cpu = 00:01:10 ; elapsed = 00:01:31 . Memory (MB): peak = 493.797 ; gain = 286.707
---------------------------------------------------------------------------------

Report RTL Partitions: 
+-+--------------+------------+----------+
| |RTL Partition |Replication |Instances |
+-+--------------+------------+----------+
+-+--------------+------------+----------+
---------------------------------------------------------------------------------
Start Technology Mapping
---------------------------------------------------------------------------------
---------------------------------------------------------------------------------
Finished Technology Mapping : Time (s): cpu = 00:01:11 ; elapsed = 00:01:31 . Memory (MB): peak = 503.504 ; gain = 296.414
---------------------------------------------------------------------------------
Finished Parallel Technology Mapping Optimization  : Time (s): cpu = 00:01:11 ; elapsed = 00:01:31 . Memory (MB): peak = 503.504 ; gain = 296.414

Report RTL Partitions: 
+-+--------------+------------+----------+
| |RTL Partition |Replication |Instances |
+-+--------------+------------+----------+
+-+--------------+------------+----------+
Finished Parallel Synthesis Optimization  : Time (s): cpu = 00:01:11 ; elapsed = 00:01:31 . Memory (MB): peak = 503.504 ; gain = 296.414
---------------------------------------------------------------------------------
Start IO Insertion
---------------------------------------------------------------------------------
---------------------------------------------------------------------------------
Start Flattening Before IO Insertion
---------------------------------------------------------------------------------
---------------------------------------------------------------------------------
Finished Flattening Before IO Insertion
---------------------------------------------------------------------------------
---------------------------------------------------------------------------------
Start Final Netlist Cleanup
---------------------------------------------------------------------------------
---------------------------------------------------------------------------------
Finished Final Netlist Cleanup
---------------------------------------------------------------------------------
---------------------------------------------------------------------------------
Finished IO Insertion : Time (s): cpu = 00:01:15 ; elapsed = 00:01:36 . Memory (MB): peak = 503.504 ; gain = 296.414
---------------------------------------------------------------------------------

Report Check Netlist: 
+------+------------------+-------+---------+-------+------------------+
|      |Item              |Errors |Warnings |Status |Description       |
+------+------------------+-------+---------+-------+------------------+
|1     |multi_driven_nets |      0|        0|Passed |Multi driven nets |
+------+------------------+-------+---------+-------+------------------+
---------------------------------------------------------------------------------
Start Renaming Generated Instances
---------------------------------------------------------------------------------
---------------------------------------------------------------------------------
Finished Renaming Generated Instances : Time (s): cpu = 00:01:15 ; elapsed = 00:01:36 . Memory (MB): peak = 503.504 ; gain = 296.414
---------------------------------------------------------------------------------

Report RTL Partitions: 
+-+--------------+------------+----------+
| |RTL Partition |Replication |Instances |
+-+--------------+------------+----------+
+-+--------------+------------+----------+
---------------------------------------------------------------------------------
Start Rebuilding User Hierarchy
---------------------------------------------------------------------------------
---------------------------------------------------------------------------------
Finished Rebuilding User Hierarchy : Time (s): cpu = 00:01:15 ; elapsed = 00:01:36 . Memory (MB): peak = 503.504 ; gain = 296.414
---------------------------------------------------------------------------------
---------------------------------------------------------------------------------
Start Renaming Generated Ports
---------------------------------------------------------------------------------
---------------------------------------------------------------------------------
Finished Renaming Generated Ports : Time (s): cpu = 00:01:15 ; elapsed = 00:01:36 . Memory (MB): peak = 503.504 ; gain = 296.414
---------------------------------------------------------------------------------
---------------------------------------------------------------------------------
Start Handling Custom Attributes
---------------------------------------------------------------------------------
---------------------------------------------------------------------------------
Finished Handling Custom Attributes : Time (s): cpu = 00:01:15 ; elapsed = 00:01:36 . Memory (MB): peak = 503.504 ; gain = 296.414
---------------------------------------------------------------------------------
---------------------------------------------------------------------------------
Start Renaming Generated Nets
---------------------------------------------------------------------------------
---------------------------------------------------------------------------------
Finished Renaming Generated Nets : Time (s): cpu = 00:01:15 ; elapsed = 00:01:36 . Memory (MB): peak = 503.504 ; gain = 296.414
---------------------------------------------------------------------------------
---------------------------------------------------------------------------------
Start Writing Synthesis Report
---------------------------------------------------------------------------------

Report BlackBoxes: 
+-+--------------+----------+
| |BlackBox name |Instances |
+-+--------------+----------+
+-+--------------+----------+

Report Cell Usage: 
+------+-----+------+
|      |Cell |Count |
+------+-----+------+
|1     |LUT1 |     1|
|2     |LUT2 |     2|
|3     |LUT3 |     2|
|4     |LUT4 |     1|
|5     |LUT5 |     1|
|6     |LUT6 |     2|
|7     |FDCE |     3|
|8     |FDRE |     7|
+------+-----+------+

Report Instance Areas: 
+------+---------+---------+------+
|      |Instance |Module   |Cells |
+------+---------+---------+------+
|1     |top      |         |    19|
|2     |  inst   |debounce |    19|
+------+---------+---------+------+
---------------------------------------------------------------------------------
Finished Writing Synthesis Report : Time (s): cpu = 00:01:15 ; elapsed = 00:01:36 . Memory (MB): peak = 503.504 ; gain = 296.414
---------------------------------------------------------------------------------
Synthesis finished with 0 errors, 0 critical warnings and 0 warnings.
Synthesis Optimization Runtime : Time (s): cpu = 00:00:53 ; elapsed = 00:00:58 . Memory (MB): peak = 503.504 ; gain = 246.652
Synthesis Optimization Complete : Time (s): cpu = 00:01:15 ; elapsed = 00:01:36 . Memory (MB): peak = 503.504 ; gain = 296.414
INFO: [Project 1-571] Translating synthesized netlist
INFO: [Project 1-570] Preparing netlist for logic optimization
INFO: [Opt 31-138] Pushed 0 inverter(s) to 0 load pin(s).
INFO: [Project 1-111] Unisim Transformation Summary:
No Unisim elements were transformed.

INFO: [Common 17-83] Releasing license: Synthesis
20 Infos, 0 Warnings, 0 Critical Warnings and 0 Errors encountered.
synth_design completed successfully
synth_design: Time (s): cpu = 00:01:07 ; elapsed = 00:01:14 . Memory (MB): peak = 565.504 ; gain = 308.652
INFO: [Timing 38-35] Done setting XDC timing constraints.
write_checkpoint: Time (s): cpu = 00:01:12 ; elapsed = 00:01:18 . Memory (MB): peak = 979.531 ; gain = 414.027
report_utilization: Time (s): cpu = 00:00:00 ; elapsed = 00:00:00.078 . Memory (MB): peak = 979.531 ; gain = 0.000
INFO: [Common 17-206] Exiting Vivado at Tue Nov 01 08:21:43 2016...
