#-----------------------------------------------------------
# Vivado v2014.2 (64-bit)
# SW Build 932637 on Wed Jun 11 13:33:10 MDT 2014
# IP Build 924643 on Fri May 30 09:20:16 MDT 2014
# Start of session at: Sun Sep 28 23:52:47 2014
# Process ID: 1108
# Log file: E:/xilinx_task/microblaze/microblaze.sdk/webtalk/vivado.log
# Journal file: E:/xilinx_task/microblaze/microblaze.sdk/webtalk\vivado.jou
#-----------------------------------------------------------
source sdk.tcl
# webtalk_init -webtalk_dir E:\\xilinx_task\\microblaze\\microblaze.sdk\\webtalk
# webtalk_register_client -client project
# webtalk_add_data -client project -key date_generated -value "Sun Sep 28 23:52:27 2014" -context "software_version_and_target_device"
# webtalk_add_data -client project -key product_version -value "SDK v2014.2" -context "software_version_and_target_device"
# webtalk_add_data -client project -key build_version -value "2014.2" -context "software_version_and_target_device"
# webtalk_add_data -client project -key os_platform -value "amd64" -context "software_version_and_target_device"
# webtalk_add_data -client project -key registration_id -value "" -context "software_version_and_target_device"
# webtalk_add_data -client project -key tool_flow -value "SDK" -context "software_version_and_target_device"
# webtalk_add_data -client project -key beta -value "false" -context "software_version_and_target_device"
# webtalk_add_data -client project -key route_design -value "NA" -context "software_version_and_target_device"
# webtalk_add_data -client project -key target_family -value "NA" -context "software_version_and_target_device"
# webtalk_add_data -client project -key target_device -value "NA" -context "software_version_and_target_device"
# webtalk_add_data -client project -key target_package -value "NA" -context "software_version_and_target_device"
# webtalk_add_data -client project -key target_speed -value "NA" -context "software_version_and_target_device"
# webtalk_add_data -client project -key random_id -value "976hruoosvba350b92coqg6gs2" -context "software_version_and_target_device"
# webtalk_add_data -client project -key project_id -value "2014.2_1" -context "software_version_and_target_device"
# webtalk_add_data -client project -key project_iteration -value "1" -context "software_version_and_target_device"
# webtalk_add_data -client project -key os_name -value "Microsoft Windows 7 , 64-bit" -context "user_environment"
# webtalk_add_data -client project -key os_release -value "major release  (build 7600)" -context "user_environment"
# webtalk_add_data -client project -key cpu_name -value "Intel(R) Core(TM) i5 CPU       M 480  @ 2.67GHz" -context "user_environment"
# webtalk_add_data -client project -key cpu_speed -value "2666 MHz" -context "user_environment"
# webtalk_add_data -client project -key total_processors -value "1" -context "user_environment"
# webtalk_add_data -client project -key system_ram -value "4.000 GB" -context "user_environment"
# webtalk_register_client -client sdk
# webtalk_add_data -client sdk -key uid -value "1411918441593" -context "sdk\\\\hardware/1411918441593"
# webtalk_add_data -client sdk -key isZynq -value "false" -context "sdk\\\\hardware/1411918441593"
# webtalk_add_data -client sdk -key Processors -value "1" -context "sdk\\\\hardware/1411918441593"
# webtalk_add_data -client sdk -key VivadoVersion -value "2014.2" -context "sdk\\\\hardware/1411918441593"
# webtalk_add_data -client sdk -key Arch -value "artix7" -context "sdk\\\\hardware/1411918441593"
# webtalk_add_data -client sdk -key Device -value "7a35t" -context "sdk\\\\hardware/1411918441593"
# webtalk_add_data -client sdk -key IsHandoff -value "true" -context "sdk\\\\hardware/1411918441593"
# webtalk_add_data -client sdk -key uid -value "1411918900016" -context "sdk\\\\bsp/1411918900016"
# webtalk_add_data -client sdk -key hwid -value "1411918441593" -context "sdk\\\\bsp/1411918900016"
# webtalk_add_data -client sdk -key os -value "standalone" -context "sdk\\\\bsp/1411918900016"
# webtalk_add_data -client sdk -key apptemplate -value "hello_world" -context "sdk\\\\bsp/1411918900016"
# webtalk_add_data -client sdk -key uid -value "1411918906479" -context "sdk\\\\application/1411918906479"
# webtalk_add_data -client sdk -key hwid -value "1411918441593" -context "sdk\\\\application/1411918906479"
# webtalk_add_data -client sdk -key bspid -value "1411918900016" -context "sdk\\\\application/1411918906479"
# webtalk_add_data -client sdk -key newbsp -value "true" -context "sdk\\\\application/1411918906479"
# webtalk_add_data -client sdk -key os -value "standalone" -context "sdk\\\\application/1411918906479"
# webtalk_add_data -client sdk -key apptemplate -value "hello_world" -context "sdk\\\\application/1411918906479"
# webtalk_transmit -clientid 2206894361 -regid "" -xml E:\\xilinx_task\\microblaze\\microblaze.sdk\\webtalk\\usage_statistics_ext_sdk.xml -html E:\\xilinx_task\\microblaze\\microblaze.sdk\\webtalk\\usage_statistics_ext_sdk.html -wdm E:\\xilinx_task\\microblaze\\microblaze.sdk\\webtalk\\sdk.wdm -intro "<H3>SDK Usage Report</H3><BR>"
INFO: [Common 17-185] WebTalk report has not been sent to Xilinx. Please check your network and proxy settings.
webtalk_transmit: Time (s): cpu = 00:00:00 ; elapsed = 00:00:06 . Memory (MB): peak = 173.219 ; gain = 0.000

    while executing
"webtalk_transmit -clientid 2206894361 -regid "" -xml E:\\xilinx_task\\microblaze\\microblaze.sdk\\webtalk\\usage_statistics_ext_sdk.xml -html E:\\xili..."
    (file "sdk.tcl" line 42)
INFO: [Common 17-206] Exiting Vivado at Sun Sep 28 23:53:07 2014...
