Copyright 1986-2014 Xilinx, Inc. All Rights Reserved.
-------------------------------------------------------------------------------------------------------------------------------
| Tool Version     : Vivado v.2014.4 (win64) Build 1071353 Tue Nov 18 18:29:27 MST 2014
| Date             : Mon Oct 31 21:22:49 2016
| Host             : XSHZHEHENGT30 running 64-bit Service Pack 1  (build 7601)
| Command          : report_power -file MIPS_CPU_wrapper_power_routed.rpt -pb MIPS_CPU_wrapper_power_summary_routed.pb
| Design           : MIPS_CPU_wrapper
| Device           : xc7a35tcpg236-1
| Design State     : Routed
| Grade            : commercial
| Process          : typical
| Characterization : Production
-------------------------------------------------------------------------------------------------------------------------------

Power Report

Table of Contents
-----------------
1. Summary
1.1 On-Chip Components
1.2 Power Supply Summary
1.3 Confidence Level
2. Settings
2.1 Environment
2.2 Clock Constraints
3. Detailed Reports
3.1 By Hierarchy

1. Summary
----------

+--------------------------+-------+
| Total On-Chip Power (W)  | 0.200 |
| Dynamic (W)              | 0.128 |
| Device Static (W)        | 0.072 |
| Effective TJA (C/W)      | 5.0   |
| Max Ambient (C)          | 84.0  |
| Junction Temperature (C) | 26.0  |
| Confidence Level         | Low   |
| Setting File             | ---   |
| Simulation Activity File | ---   |
| Design Nets Matched      | NA    |
+--------------------------+-------+


1.1 On-Chip Components
----------------------

+----------------+-----------+----------+-----------+-----------------+
| On-Chip        | Power (W) | Used     | Available | Utilization (%) |
+----------------+-----------+----------+-----------+-----------------+
| Clocks         |     0.002 |        8 |       --- |             --- |
| Slice Logic    |     0.002 |      961 |       --- |             --- |
|   LUT as Logic |     0.002 |      597 |     20800 |            2.87 |
|   CARRY4       |    <0.001 |        2 |      8150 |            0.02 |
|   Register     |    <0.001 |      211 |     41600 |            0.50 |
|   F7/F8 Muxes  |    <0.001 |        4 |     32600 |            0.01 |
|   Others       |     0.000 |        8 |       --- |             --- |
| Signals        |     0.003 |      951 |       --- |             --- |
| MMCM           |     0.106 |        1 |         5 |           20.00 |
| I/O            |     0.013 |       33 |       106 |           31.13 |
| Static Power   |     0.072 |          |           |                 |
| Total          |     0.200 |          |           |                 |
+----------------+-----------+----------+-----------+-----------------+


1.2 Power Supply Summary
------------------------

+-----------+-------------+-----------+-------------+------------+
| Source    | Voltage (V) | Total (A) | Dynamic (A) | Static (A) |
+-----------+-------------+-----------+-------------+------------+
| Vccint    |       1.000 |     0.019 |       0.009 |      0.010 |
| Vccaux    |       1.800 |     0.072 |       0.059 |      0.013 |
| Vcco33    |       3.300 |     0.005 |       0.004 |      0.001 |
| Vcco25    |       2.500 |     0.000 |       0.000 |      0.000 |
| Vcco18    |       1.800 |     0.000 |       0.000 |      0.000 |
| Vcco15    |       1.500 |     0.000 |       0.000 |      0.000 |
| Vcco135   |       1.350 |     0.000 |       0.000 |      0.000 |
| Vcco12    |       1.200 |     0.000 |       0.000 |      0.000 |
| Vccaux_io |       1.800 |     0.000 |       0.000 |      0.000 |
| Vccbram   |       1.000 |     0.000 |       0.000 |      0.000 |
| MGTAVcc   |       1.000 |     0.000 |       0.000 |      0.000 |
| MGTAVtt   |       1.200 |     0.000 |       0.000 |      0.000 |
| Vccadc    |       1.800 |     0.020 |       0.000 |      0.020 |
+-----------+-------------+-----------+-------------+------------+


1.3 Confidence Level
--------------------

+-----------------------------+------------+--------------------------------------------------------+------------------------------------------------------------------------------------------------------------+
| User Input Data             | Confidence | Details                                                | Action                                                                                                     |
+-----------------------------+------------+--------------------------------------------------------+------------------------------------------------------------------------------------------------------------+
| Design implementation state | High       | Design is routed                                       |                                                                                                            |
| Clock nodes activity        | High       | User specified more than 95% of clocks                 |                                                                                                            |
| I/O nodes activity          | Low        | More than 75% of inputs are missing user specification | Provide missing input activity with simulation results or by editing the "By Resource Type -> I/Os" view   |
| Internal nodes activity     | Medium     | User specified less than 25% of internal nodes         | Provide missing internal nodes activity with simulation results or by editing the "By Resource Type" views |
| Device models               | High       | Device models are Production                           |                                                                                                            |
|                             |            |                                                        |                                                                                                            |
| Overall confidence level    | Low        |                                                        |                                                                                                            |
+-----------------------------+------------+--------------------------------------------------------+------------------------------------------------------------------------------------------------------------+


2. Settings
-----------

2.1 Environment
---------------

+-----------------------+--------------------------+
| Ambient Temp (C)      | 25.0                     |
| ThetaJA (C/W)         | 5.0                      |
| Airflow (LFM)         | 250                      |
| Heat Sink             | medium (Medium Profile)  |
| ThetaSA (C/W)         | 4.6                      |
| Board Selection       | medium (10"x10")         |
| # of Board Layers     | 12to15 (12 to 15 Layers) |
| Board Temperature (C) | 25.0                     |
+-----------------------+--------------------------+


2.2 Clock Constraints
---------------------

+---------------------------------+---------------------------------------------------------+-----------------+
| Clock                           | Domain                                                  | Constraint (ns) |
+---------------------------------+---------------------------------------------------------+-----------------+
| clk_out1_MIPS_CPU_clk_wiz_0_0   | MIPS_CPU_i/clk_wiz_0/inst/clk_out1_MIPS_CPU_clk_wiz_0_0 |            10.0 |
| clk_out1_MIPS_CPU_clk_wiz_0_0_1 | MIPS_CPU_i/clk_wiz_0/inst/clk_out1_MIPS_CPU_clk_wiz_0_0 |            10.0 |
| clkfbout_MIPS_CPU_clk_wiz_0_0   | MIPS_CPU_i/clk_wiz_0/inst/clkfbout_MIPS_CPU_clk_wiz_0_0 |            10.0 |
| clkfbout_MIPS_CPU_clk_wiz_0_0_1 | MIPS_CPU_i/clk_wiz_0/inst/clkfbout_MIPS_CPU_clk_wiz_0_0 |            10.0 |
| inclk                           | inclk                                                   |            10.0 |
| sys_clk_pin                     | inclk                                                   |            10.0 |
+---------------------------------+---------------------------------------------------------+-----------------+


3. Detailed Reports
-------------------

3.1 By Hierarchy
----------------

+--------------------+-----------+
| Name               | Power (W) |
+--------------------+-----------+
| MIPS_CPU_wrapper   |     0.126 |
|   MIPS_CPU_i       |     0.113 |
|     ALU32_0        |     0.003 |
|     CONTROL_UNIT_0 |    <0.001 |
|     DATAPATH_0     |     0.001 |
|       inst         |    <0.001 |
|     KEY2INST_0     |     0.001 |
|       inst         |     0.001 |
|     REGFILE_0      |    <0.001 |
|       inst         |    <0.001 |
|     SHOW_ON_LED_0  |    <0.001 |
|       inst         |    <0.001 |
|     clk_wiz_0      |     0.106 |
|       inst         |     0.106 |
+--------------------+-----------+


