
*** Running vivado
    with args -log clock.vds -m64 -mode batch -messageDb vivado.pb -notrace -source clock.tcl


****** Vivado v2016.2 (64-bit)
  **** SW Build 1577090 on Thu Jun  2 16:32:40 MDT 2016
  **** IP Build 1577682 on Fri Jun  3 12:00:54 MDT 2016
    ** Copyright 1986-2016 Xilinx, Inc. All Rights Reserved.

source clock.tcl -notrace
Command: synth_design -top clock -part xc7a35tcpg236-1 -mode out_of_context
Starting synth_design
Attempting to get a license for feature 'Synthesis' and/or device 'xc7a35t'
INFO: [Common 17-349] Got license for feature 'Synthesis' and/or device 'xc7a35t'
INFO: Launching helper process for spawning children vivado processes
INFO: Helper process launched with PID 4844 
---------------------------------------------------------------------------------
Starting RTL Elaboration : Time (s): cpu = 00:00:44 ; elapsed = 00:01:01 . Memory (MB): peak = 330.875 ; gain = 123.973
---------------------------------------------------------------------------------
INFO: [Synth 8-638] synthesizing module 'clock' [e:/Github/xupsh/Basys3-Git/Projects_2016.2/2_Control_and_Measurement/Oscilloscope/Src/prj/Oscilloscope.srcs/sources_1/ip/clock/clock.v:74]
INFO: [Synth 8-638] synthesizing module 'clock_clk_wiz' [e:/Github/xupsh/Basys3-Git/Projects_2016.2/2_Control_and_Measurement/Oscilloscope/Src/prj/Oscilloscope.srcs/sources_1/ip/clock/clock_clk_wiz.v:72]
INFO: [Synth 8-638] synthesizing module 'IBUF' [C:/Xilinx/Vivado/2016.2/scripts/rt/data/unisim_comp.v:14145]
	Parameter CAPACITANCE bound to: DONT_CARE - type: string 
	Parameter IBUF_DELAY_VALUE bound to: 0 - type: string 
	Parameter IBUF_LOW_PWR bound to: TRUE - type: string 
	Parameter IFD_DELAY_VALUE bound to: AUTO - type: string 
	Parameter IOSTANDARD bound to: DEFAULT - type: string 
INFO: [Synth 8-256] done synthesizing module 'IBUF' (1#1) [C:/Xilinx/Vivado/2016.2/scripts/rt/data/unisim_comp.v:14145]
INFO: [Synth 8-638] synthesizing module 'MMCME2_ADV' [C:/Xilinx/Vivado/2016.2/scripts/rt/data/unisim_comp.v:20396]
	Parameter BANDWIDTH bound to: OPTIMIZED - type: string 
	Parameter CLKFBOUT_MULT_F bound to: 10.500000 - type: float 
	Parameter CLKFBOUT_PHASE bound to: 0.000000 - type: float 
	Parameter CLKFBOUT_USE_FINE_PS bound to: FALSE - type: string 
	Parameter CLKIN1_PERIOD bound to: 10.000000 - type: float 
	Parameter CLKIN2_PERIOD bound to: 0.000000 - type: float 
	Parameter CLKOUT0_DIVIDE_F bound to: 10.500000 - type: float 
	Parameter CLKOUT0_DUTY_CYCLE bound to: 0.500000 - type: float 
	Parameter CLKOUT0_PHASE bound to: 0.000000 - type: float 
	Parameter CLKOUT0_USE_FINE_PS bound to: FALSE - type: string 
	Parameter CLKOUT1_DIVIDE bound to: 14 - type: integer 
	Parameter CLKOUT1_DUTY_CYCLE bound to: 0.500000 - type: float 
	Parameter CLKOUT1_PHASE bound to: 0.000000 - type: float 
	Parameter CLKOUT1_USE_FINE_PS bound to: FALSE - type: string 
	Parameter CLKOUT2_DIVIDE bound to: 21 - type: integer 
	Parameter CLKOUT2_DUTY_CYCLE bound to: 0.500000 - type: float 
	Parameter CLKOUT2_PHASE bound to: 0.000000 - type: float 
	Parameter CLKOUT2_USE_FINE_PS bound to: FALSE - type: string 
	Parameter CLKOUT3_DIVIDE bound to: 42 - type: integer 
	Parameter CLKOUT3_DUTY_CYCLE bound to: 0.500000 - type: float 
	Parameter CLKOUT3_PHASE bound to: 0.000000 - type: float 
	Parameter CLKOUT3_USE_FINE_PS bound to: FALSE - type: string 
	Parameter CLKOUT4_CASCADE bound to: FALSE - type: string 
	Parameter CLKOUT4_DIVIDE bound to: 84 - type: integer 
	Parameter CLKOUT4_DUTY_CYCLE bound to: 0.500000 - type: float 
	Parameter CLKOUT4_PHASE bound to: 0.000000 - type: float 
	Parameter CLKOUT4_USE_FINE_PS bound to: FALSE - type: string 
	Parameter CLKOUT5_DIVIDE bound to: 1 - type: integer 
	Parameter CLKOUT5_DUTY_CYCLE bound to: 0.500000 - type: float 
	Parameter CLKOUT5_PHASE bound to: 0.000000 - type: float 
	Parameter CLKOUT5_USE_FINE_PS bound to: FALSE - type: string 
	Parameter CLKOUT6_DIVIDE bound to: 1 - type: integer 
	Parameter CLKOUT6_DUTY_CYCLE bound to: 0.500000 - type: float 
	Parameter CLKOUT6_PHASE bound to: 0.000000 - type: float 
	Parameter CLKOUT6_USE_FINE_PS bound to: FALSE - type: string 
	Parameter COMPENSATION bound to: ZHOLD - type: string 
	Parameter DIVCLK_DIVIDE bound to: 1 - type: integer 
	Parameter IS_CLKINSEL_INVERTED bound to: 1'b0 
	Parameter IS_PSEN_INVERTED bound to: 1'b0 
	Parameter IS_PSINCDEC_INVERTED bound to: 1'b0 
	Parameter IS_PWRDWN_INVERTED bound to: 1'b0 
	Parameter IS_RST_INVERTED bound to: 1'b0 
	Parameter REF_JITTER1 bound to: 0.010000 - type: float 
	Parameter REF_JITTER2 bound to: 0.010000 - type: float 
	Parameter SS_EN bound to: FALSE - type: string 
	Parameter SS_MODE bound to: CENTER_HIGH - type: string 
	Parameter SS_MOD_PERIOD bound to: 10000 - type: integer 
	Parameter STARTUP_WAIT bound to: FALSE - type: string 
INFO: [Synth 8-256] done synthesizing module 'MMCME2_ADV' (2#1) [C:/Xilinx/Vivado/2016.2/scripts/rt/data/unisim_comp.v:20396]
INFO: [Synth 8-638] synthesizing module 'BUFG' [C:/Xilinx/Vivado/2016.2/scripts/rt/data/unisim_comp.v:607]
INFO: [Synth 8-256] done synthesizing module 'BUFG' (3#1) [C:/Xilinx/Vivado/2016.2/scripts/rt/data/unisim_comp.v:607]
INFO: [Synth 8-256] done synthesizing module 'clock_clk_wiz' (4#1) [e:/Github/xupsh/Basys3-Git/Projects_2016.2/2_Control_and_Measurement/Oscilloscope/Src/prj/Oscilloscope.srcs/sources_1/ip/clock/clock_clk_wiz.v:72]
INFO: [Synth 8-256] done synthesizing module 'clock' (5#1) [e:/Github/xupsh/Basys3-Git/Projects_2016.2/2_Control_and_Measurement/Oscilloscope/Src/prj/Oscilloscope.srcs/sources_1/ip/clock/clock.v:74]
---------------------------------------------------------------------------------
Finished RTL Elaboration : Time (s): cpu = 00:00:50 ; elapsed = 00:01:08 . Memory (MB): peak = 368.379 ; gain = 161.477
---------------------------------------------------------------------------------

Report Check Netlist: 
+------+------------------+-------+---------+-------+------------------+
|      |Item              |Errors |Warnings |Status |Description       |
+------+------------------+-------+---------+-------+------------------+
|1     |multi_driven_nets |      0|        0|Passed |Multi driven nets |
+------+------------------+-------+---------+-------+------------------+
---------------------------------------------------------------------------------
Finished RTL Optimization Phase 1 : Time (s): cpu = 00:00:51 ; elapsed = 00:01:09 . Memory (MB): peak = 368.379 ; gain = 161.477
---------------------------------------------------------------------------------
INFO: [Netlist 29-17] Analyzing 2 Unisim elements for replacement
INFO: [Netlist 29-28] Unisim Transformation completed in 0 CPU seconds
INFO: [Device 21-403] Loading part xc7a35tcpg236-1
INFO: [Project 1-570] Preparing netlist for logic optimization

Processing XDC Constraints
Initializing timing engine
Parsing XDC File [e:/Github/xupsh/Basys3-Git/Projects_2016.2/2_Control_and_Measurement/Oscilloscope/Src/prj/Oscilloscope.srcs/sources_1/ip/clock/clock_ooc.xdc] for cell 'inst'
Finished Parsing XDC File [e:/Github/xupsh/Basys3-Git/Projects_2016.2/2_Control_and_Measurement/Oscilloscope/Src/prj/Oscilloscope.srcs/sources_1/ip/clock/clock_ooc.xdc] for cell 'inst'
Parsing XDC File [e:/Github/xupsh/Basys3-Git/Projects_2016.2/2_Control_and_Measurement/Oscilloscope/Src/prj/Oscilloscope.srcs/sources_1/ip/clock/clock_board.xdc] for cell 'inst'
Finished Parsing XDC File [e:/Github/xupsh/Basys3-Git/Projects_2016.2/2_Control_and_Measurement/Oscilloscope/Src/prj/Oscilloscope.srcs/sources_1/ip/clock/clock_board.xdc] for cell 'inst'
Parsing XDC File [e:/Github/xupsh/Basys3-Git/Projects_2016.2/2_Control_and_Measurement/Oscilloscope/Src/prj/Oscilloscope.srcs/sources_1/ip/clock/clock.xdc] for cell 'inst'
Finished Parsing XDC File [e:/Github/xupsh/Basys3-Git/Projects_2016.2/2_Control_and_Measurement/Oscilloscope/Src/prj/Oscilloscope.srcs/sources_1/ip/clock/clock.xdc] for cell 'inst'
INFO: [Project 1-236] Implementation specific constraints were found while reading constraint file [e:/Github/xupsh/Basys3-Git/Projects_2016.2/2_Control_and_Measurement/Oscilloscope/Src/prj/Oscilloscope.srcs/sources_1/ip/clock/clock.xdc]. These constraints will be ignored for synthesis but will be used in implementation. Impacted constraints are listed in the file [.Xil/clock_propImpl.xdc].
Resolution: To avoid this warning, move constraints listed in [.Xil/clock_propImpl.xdc] to another XDC file and exclude this new file from synthesis with the used_in_synthesis property (File Properties dialog in GUI) and re-run elaboration/synthesis.
INFO: [Timing 38-2] Deriving generated clocks
Parsing XDC File [e:/Github/xupsh/Basys3-Git/Projects_2016.2/2_Control_and_Measurement/Oscilloscope/Src/prj/Oscilloscope.runs/clock_synth_1/dont_touch.xdc]
Finished Parsing XDC File [e:/Github/xupsh/Basys3-Git/Projects_2016.2/2_Control_and_Measurement/Oscilloscope/Src/prj/Oscilloscope.runs/clock_synth_1/dont_touch.xdc]
Completed Processing XDC Constraints

INFO: [Project 1-111] Unisim Transformation Summary:
No Unisim elements were transformed.

Constraint Validation Runtime : Time (s): cpu = 00:00:00 ; elapsed = 00:00:00.093 . Memory (MB): peak = 567.941 ; gain = 0.000
---------------------------------------------------------------------------------
Finished Constraint Validation : Time (s): cpu = 00:01:48 ; elapsed = 00:02:10 . Memory (MB): peak = 567.941 ; gain = 361.039
---------------------------------------------------------------------------------
---------------------------------------------------------------------------------
Start Loading Part and Timing Information
---------------------------------------------------------------------------------
Loading part: xc7a35tcpg236-1
---------------------------------------------------------------------------------
Finished Loading Part and Timing Information : Time (s): cpu = 00:01:48 ; elapsed = 00:02:10 . Memory (MB): peak = 567.941 ; gain = 361.039
---------------------------------------------------------------------------------
---------------------------------------------------------------------------------
Start Applying 'set_property' XDC Constraints
---------------------------------------------------------------------------------
Applied set_property DONT_TOUCH = true for inst. (constraint file  auto generated constraint, line ).
---------------------------------------------------------------------------------
Finished applying 'set_property' XDC Constraints : Time (s): cpu = 00:01:48 ; elapsed = 00:02:11 . Memory (MB): peak = 567.941 ; gain = 361.039
---------------------------------------------------------------------------------
---------------------------------------------------------------------------------
Finished RTL Optimization Phase 2 : Time (s): cpu = 00:01:49 ; elapsed = 00:02:11 . Memory (MB): peak = 567.941 ; gain = 361.039
---------------------------------------------------------------------------------

Report RTL Partitions: 
+-+--------------+------------+----------+
| |RTL Partition |Replication |Instances |
+-+--------------+------------+----------+
+-+--------------+------------+----------+
---------------------------------------------------------------------------------
Start RTL Component Statistics 
---------------------------------------------------------------------------------
Detailed RTL Component Info : 
---------------------------------------------------------------------------------
Finished RTL Component Statistics 
---------------------------------------------------------------------------------
---------------------------------------------------------------------------------
Start RTL Hierarchical Component Statistics 
---------------------------------------------------------------------------------
Hierarchical RTL Component report 
---------------------------------------------------------------------------------
Finished RTL Hierarchical Component Statistics
---------------------------------------------------------------------------------
---------------------------------------------------------------------------------
Start Part Resource Summary
---------------------------------------------------------------------------------
Part Resources:
DSPs: 90 (col length:60)
BRAMs: 100 (col length: RAMB18 60 RAMB36 30)
---------------------------------------------------------------------------------
Finished Part Resource Summary
---------------------------------------------------------------------------------
Start Parallel Synthesis Optimization  : Time (s): cpu = 00:01:51 ; elapsed = 00:02:13 . Memory (MB): peak = 567.941 ; gain = 361.039
---------------------------------------------------------------------------------
Start Cross Boundary Optimization
---------------------------------------------------------------------------------
---------------------------------------------------------------------------------
Finished Cross Boundary Optimization : Time (s): cpu = 00:01:51 ; elapsed = 00:02:13 . Memory (MB): peak = 567.941 ; gain = 361.039
---------------------------------------------------------------------------------
Finished Parallel Reinference  : Time (s): cpu = 00:01:51 ; elapsed = 00:02:13 . Memory (MB): peak = 567.941 ; gain = 361.039

Report RTL Partitions: 
+-+--------------+------------+----------+
| |RTL Partition |Replication |Instances |
+-+--------------+------------+----------+
+-+--------------+------------+----------+
---------------------------------------------------------------------------------
Start Area Optimization
---------------------------------------------------------------------------------
---------------------------------------------------------------------------------
Finished Area Optimization : Time (s): cpu = 00:01:51 ; elapsed = 00:02:14 . Memory (MB): peak = 567.941 ; gain = 361.039
---------------------------------------------------------------------------------
Finished Parallel Area Optimization  : Time (s): cpu = 00:01:51 ; elapsed = 00:02:14 . Memory (MB): peak = 567.941 ; gain = 361.039

Report RTL Partitions: 
+-+--------------+------------+----------+
| |RTL Partition |Replication |Instances |
+-+--------------+------------+----------+
+-+--------------+------------+----------+
---------------------------------------------------------------------------------
Start Timing Optimization
---------------------------------------------------------------------------------
---------------------------------------------------------------------------------
Start Applying XDC Timing Constraints
---------------------------------------------------------------------------------
---------------------------------------------------------------------------------
Finished Applying XDC Timing Constraints : Time (s): cpu = 00:03:05 ; elapsed = 00:03:29 . Memory (MB): peak = 592.379 ; gain = 385.477
---------------------------------------------------------------------------------
---------------------------------------------------------------------------------
Finished Timing Optimization : Time (s): cpu = 00:03:05 ; elapsed = 00:03:29 . Memory (MB): peak = 592.379 ; gain = 385.477
---------------------------------------------------------------------------------

Report RTL Partitions: 
+-+--------------+------------+----------+
| |RTL Partition |Replication |Instances |
+-+--------------+------------+----------+
+-+--------------+------------+----------+
---------------------------------------------------------------------------------
Start Technology Mapping
---------------------------------------------------------------------------------
---------------------------------------------------------------------------------
Finished Technology Mapping : Time (s): cpu = 00:03:05 ; elapsed = 00:03:29 . Memory (MB): peak = 601.957 ; gain = 395.055
---------------------------------------------------------------------------------
Finished Parallel Technology Mapping Optimization  : Time (s): cpu = 00:03:05 ; elapsed = 00:03:29 . Memory (MB): peak = 601.957 ; gain = 395.055

Report RTL Partitions: 
+-+--------------+------------+----------+
| |RTL Partition |Replication |Instances |
+-+--------------+------------+----------+
+-+--------------+------------+----------+
Finished Parallel Synthesis Optimization  : Time (s): cpu = 00:03:05 ; elapsed = 00:03:29 . Memory (MB): peak = 601.957 ; gain = 395.055
---------------------------------------------------------------------------------
Start IO Insertion
---------------------------------------------------------------------------------
---------------------------------------------------------------------------------
Start Flattening Before IO Insertion
---------------------------------------------------------------------------------
---------------------------------------------------------------------------------
Finished Flattening Before IO Insertion
---------------------------------------------------------------------------------
---------------------------------------------------------------------------------
Start Final Netlist Cleanup
---------------------------------------------------------------------------------
---------------------------------------------------------------------------------
Finished Final Netlist Cleanup
---------------------------------------------------------------------------------
---------------------------------------------------------------------------------
Finished IO Insertion : Time (s): cpu = 00:03:09 ; elapsed = 00:03:33 . Memory (MB): peak = 601.957 ; gain = 395.055
---------------------------------------------------------------------------------

Report Check Netlist: 
+------+------------------+-------+---------+-------+------------------+
|      |Item              |Errors |Warnings |Status |Description       |
+------+------------------+-------+---------+-------+------------------+
|1     |multi_driven_nets |      0|        0|Passed |Multi driven nets |
+------+------------------+-------+---------+-------+------------------+
---------------------------------------------------------------------------------
Start Renaming Generated Instances
---------------------------------------------------------------------------------
---------------------------------------------------------------------------------
Finished Renaming Generated Instances : Time (s): cpu = 00:03:09 ; elapsed = 00:03:33 . Memory (MB): peak = 601.957 ; gain = 395.055
---------------------------------------------------------------------------------

Report RTL Partitions: 
+-+--------------+------------+----------+
| |RTL Partition |Replication |Instances |
+-+--------------+------------+----------+
+-+--------------+------------+----------+
---------------------------------------------------------------------------------
Start Rebuilding User Hierarchy
---------------------------------------------------------------------------------
---------------------------------------------------------------------------------
Finished Rebuilding User Hierarchy : Time (s): cpu = 00:03:09 ; elapsed = 00:03:33 . Memory (MB): peak = 601.957 ; gain = 395.055
---------------------------------------------------------------------------------
---------------------------------------------------------------------------------
Start Renaming Generated Ports
---------------------------------------------------------------------------------
---------------------------------------------------------------------------------
Finished Renaming Generated Ports : Time (s): cpu = 00:03:09 ; elapsed = 00:03:33 . Memory (MB): peak = 601.957 ; gain = 395.055
---------------------------------------------------------------------------------
---------------------------------------------------------------------------------
Start Handling Custom Attributes
---------------------------------------------------------------------------------
---------------------------------------------------------------------------------
Finished Handling Custom Attributes : Time (s): cpu = 00:03:09 ; elapsed = 00:03:33 . Memory (MB): peak = 601.957 ; gain = 395.055
---------------------------------------------------------------------------------
---------------------------------------------------------------------------------
Start Renaming Generated Nets
---------------------------------------------------------------------------------
---------------------------------------------------------------------------------
Finished Renaming Generated Nets : Time (s): cpu = 00:03:09 ; elapsed = 00:03:33 . Memory (MB): peak = 601.957 ; gain = 395.055
---------------------------------------------------------------------------------
---------------------------------------------------------------------------------
Start Writing Synthesis Report
---------------------------------------------------------------------------------

Report BlackBoxes: 
+-+--------------+----------+
| |BlackBox name |Instances |
+-+--------------+----------+
+-+--------------+----------+

Report Cell Usage: 
+------+-----------+------+
|      |Cell       |Count |
+------+-----------+------+
|1     |BUFG       |     6|
|2     |MMCME2_ADV |     1|
|3     |IBUF       |     1|
+------+-----------+------+

Report Instance Areas: 
+------+---------+--------------+------+
|      |Instance |Module        |Cells |
+------+---------+--------------+------+
|1     |top      |              |     8|
|2     |  inst   |clock_clk_wiz |     8|
+------+---------+--------------+------+
---------------------------------------------------------------------------------
Finished Writing Synthesis Report : Time (s): cpu = 00:03:09 ; elapsed = 00:03:33 . Memory (MB): peak = 601.957 ; gain = 395.055
---------------------------------------------------------------------------------
Synthesis finished with 0 errors, 0 critical warnings and 0 warnings.
Synthesis Optimization Runtime : Time (s): cpu = 00:01:44 ; elapsed = 00:02:17 . Memory (MB): peak = 601.957 ; gain = 144.910
Synthesis Optimization Complete : Time (s): cpu = 00:03:10 ; elapsed = 00:03:34 . Memory (MB): peak = 601.957 ; gain = 395.055
INFO: [Project 1-571] Translating synthesized netlist
INFO: [Netlist 29-17] Analyzing 2 Unisim elements for replacement
INFO: [Netlist 29-28] Unisim Transformation completed in 0 CPU seconds
INFO: [Project 1-570] Preparing netlist for logic optimization
Parsing XDC File [e:/Github/xupsh/Basys3-Git/Projects_2016.2/2_Control_and_Measurement/Oscilloscope/Src/prj/Oscilloscope.srcs/sources_1/ip/clock/clock_ooc.xdc] for cell 'inst'
Finished Parsing XDC File [e:/Github/xupsh/Basys3-Git/Projects_2016.2/2_Control_and_Measurement/Oscilloscope/Src/prj/Oscilloscope.srcs/sources_1/ip/clock/clock_ooc.xdc] for cell 'inst'
Parsing XDC File [e:/Github/xupsh/Basys3-Git/Projects_2016.2/2_Control_and_Measurement/Oscilloscope/Src/prj/Oscilloscope.srcs/sources_1/ip/clock/clock_board.xdc] for cell 'inst'
Finished Parsing XDC File [e:/Github/xupsh/Basys3-Git/Projects_2016.2/2_Control_and_Measurement/Oscilloscope/Src/prj/Oscilloscope.srcs/sources_1/ip/clock/clock_board.xdc] for cell 'inst'
Parsing XDC File [e:/Github/xupsh/Basys3-Git/Projects_2016.2/2_Control_and_Measurement/Oscilloscope/Src/prj/Oscilloscope.srcs/sources_1/ip/clock/clock.xdc] for cell 'inst'
INFO: [Timing 38-35] Done setting XDC timing constraints. [e:/Github/xupsh/Basys3-Git/Projects_2016.2/2_Control_and_Measurement/Oscilloscope/Src/prj/Oscilloscope.srcs/sources_1/ip/clock/clock.xdc:57]
INFO: [Timing 38-2] Deriving generated clocks [e:/Github/xupsh/Basys3-Git/Projects_2016.2/2_Control_and_Measurement/Oscilloscope/Src/prj/Oscilloscope.srcs/sources_1/ip/clock/clock.xdc:57]
get_clocks: Time (s): cpu = 00:00:12 ; elapsed = 00:00:14 . Memory (MB): peak = 939.414 ; gain = 318.016
Finished Parsing XDC File [e:/Github/xupsh/Basys3-Git/Projects_2016.2/2_Control_and_Measurement/Oscilloscope/Src/prj/Oscilloscope.srcs/sources_1/ip/clock/clock.xdc] for cell 'inst'
INFO: [Opt 31-138] Pushed 0 inverter(s) to 0 load pin(s).
INFO: [Project 1-111] Unisim Transformation Summary:
No Unisim elements were transformed.

INFO: [Common 17-83] Releasing license: Synthesis
27 Infos, 0 Warnings, 0 Critical Warnings and 0 Errors encountered.
synth_design completed successfully
synth_design: Time (s): cpu = 00:03:09 ; elapsed = 00:03:19 . Memory (MB): peak = 939.414 ; gain = 681.930
report_utilization: Time (s): cpu = 00:00:00 ; elapsed = 00:00:00.093 . Memory (MB): peak = 939.414 ; gain = 0.000
INFO: [Common 17-206] Exiting Vivado at Tue Nov 01 08:55:58 2016...
